[2026-02-24 22:30:56.170] [jointLog] [info] setting maxHashResizeThreads to 4
[2026-02-24 22:30:56.170] [jointLog] [info] Fragment incompatibility prior below threshold.  Incompatible fragments will be ignored.
[2026-02-24 22:30:56.170] [jointLog] [info] Usage of --validateMappings implies use of minScoreFraction. Since not explicitly specified, it is being set to 0.65
[2026-02-24 22:30:56.170] [jointLog] [info] Setting consensusSlack to selective-alignment default of 0.35.
[2026-02-24 22:30:56.170] [jointLog] [info] parsing read library format
[2026-02-24 22:30:56.170] [jointLog] [info] There is 1 library.
[2026-02-24 22:30:56.179] [jointLog] [info] Loading pufferfish index
[2026-02-24 22:30:56.181] [jointLog] [info] Loading dense pufferfish index.
[2026-02-24 22:30:56.385] [jointLog] [info] done
[2026-02-24 22:30:56.479] [jointLog] [info] Index contained 6092 targets
[2026-02-24 22:30:56.479] [jointLog] [info] Number of decoys : 0
[2026-02-24 22:30:56.665] [jointLog] [info] Automatically detected most likely library type as U

[2026-02-24 22:31:14.988] [fileLog] [info] 
At end of round 0
==================
Observed 5980833 total fragments (5980833 in most recent round)

[2026-02-24 22:31:14.988] [jointLog] [info] Computed 7086 rich equivalence classes for further processing
[2026-02-24 22:31:14.988] [jointLog] [info] Counted 4438997 total reads in the equivalence classes 
[2026-02-24 22:31:14.990] [jointLog] [info] Number of mappings discarded because of alignment score : 134251
[2026-02-24 22:31:14.990] [jointLog] [info] Number of fragments entirely discarded because of alignment score : 67505
[2026-02-24 22:31:14.990] [jointLog] [info] Number of fragments discarded because they are best-mapped to decoys : 0
[2026-02-24 22:31:14.990] [jointLog] [info] Number of fragments discarded because they have only dovetail (discordant) mappings to valid targets : 0
[2026-02-24 22:31:14.990] [jointLog] [warning] Only 4438997 fragments were mapped, but the number of burn-in fragments was set to 5000000.
The effective lengths have been computed using the observed mappings.

[2026-02-24 22:31:14.990] [jointLog] [info] Mapping rate = 74.2204%

[2026-02-24 22:31:14.990] [jointLog] [info] finished quantifyLibrary()
[2026-02-24 22:31:14.994] [jointLog] [info] Starting optimizer
[2026-02-24 22:31:14.997] [jointLog] [info] Marked 0 weighted equivalence classes as degenerate
[2026-02-24 22:31:14.997] [jointLog] [info] iteration = 0 | max rel diff. = 22609.7
[2026-02-24 22:31:15.027] [jointLog] [info] iteration = 100 | max rel diff. = 0.0466535
[2026-02-24 22:31:15.039] [jointLog] [info] iteration = 141 | max rel diff. = 0.00283008
[2026-02-24 22:31:15.039] [jointLog] [info] Finished optimizer
[2026-02-24 22:31:15.039] [jointLog] [info] writing output 

