[2026-02-24 22:31:51.366] [jointLog] [info] setting maxHashResizeThreads to 4
[2026-02-24 22:31:51.366] [jointLog] [info] Fragment incompatibility prior below threshold.  Incompatible fragments will be ignored.
[2026-02-24 22:31:51.366] [jointLog] [info] Usage of --validateMappings implies use of minScoreFraction. Since not explicitly specified, it is being set to 0.65
[2026-02-24 22:31:51.366] [jointLog] [info] Setting consensusSlack to selective-alignment default of 0.35.
[2026-02-24 22:31:51.366] [jointLog] [info] parsing read library format
[2026-02-24 22:31:51.366] [jointLog] [info] There is 1 library.
[2026-02-24 22:31:51.374] [jointLog] [info] Loading pufferfish index
[2026-02-24 22:31:51.377] [jointLog] [info] Loading dense pufferfish index.
[2026-02-24 22:31:51.615] [jointLog] [info] done
[2026-02-24 22:31:51.711] [jointLog] [info] Index contained 6092 targets
[2026-02-24 22:31:51.711] [jointLog] [info] Number of decoys : 0
[2026-02-24 22:31:51.875] [jointLog] [info] Automatically detected most likely library type as U

[2026-02-24 22:32:09.144] [jointLog] [info] Computed 7133 rich equivalence classes for further processing
[2026-02-24 22:32:09.144] [jointLog] [info] Counted 5774189 total reads in the equivalence classes 
[2026-02-24 22:32:09.146] [jointLog] [info] Number of mappings discarded because of alignment score : 171389
[2026-02-24 22:32:09.146] [jointLog] [info] Number of fragments entirely discarded because of alignment score : 59987
[2026-02-24 22:32:09.146] [jointLog] [info] Number of fragments discarded because they are best-mapped to decoys : 0
[2026-02-24 22:32:09.146] [jointLog] [info] Number of fragments discarded because they have only dovetail (discordant) mappings to valid targets : 0
[2026-02-24 22:32:09.146] [jointLog] [info] Mapping rate = 85.7348%

[2026-02-24 22:32:09.146] [jointLog] [info] finished quantifyLibrary()
[2026-02-24 22:32:09.149] [jointLog] [info] Starting optimizer
[2026-02-24 22:32:09.152] [jointLog] [info] Marked 0 weighted equivalence classes as degenerate
[2026-02-24 22:32:09.152] [jointLog] [info] iteration = 0 | max rel diff. = 1855.5
[2026-02-24 22:32:09.178] [jointLog] [info] iteration = 100 | max rel diff. = 0.575883
[2026-02-24 22:32:09.183] [jointLog] [info] iteration = 117 | max rel diff. = 0.00660744
[2026-02-24 22:32:09.183] [jointLog] [info] Finished optimizer
[2026-02-24 22:32:09.183] [jointLog] [info] writing output 

[2026-02-24 22:32:09.144] [fileLog] [info] 
At end of round 0
==================
Observed 6734945 total fragments (6734945 in most recent round)

