[2026-02-24 22:29:24.802] [puff::index::jointLog] [info] Running fixFasta
[2026-02-24 22:29:25.025] [puff::index::jointLog] [warning] Removed 46 transcripts that were sequence duplicates of indexed transcripts.
[2026-02-24 22:29:25.026] [puff::index::jointLog] [warning] If you wish to retain duplicate transcripts, please use the `--keepDuplicates` flag
[2026-02-24 22:29:25.029] [puff::index::jointLog] [info] Replaced 0 non-ATCG nucleotides
[2026-02-24 22:29:25.029] [puff::index::jointLog] [info] Clipped poly-A tails from 0 transcripts
[2026-02-24 22:29:25.201] [puff::index::jointLog] [info] Filter size not provided; estimating from number of distinct k-mers
[2026-02-24 22:29:25.417] [puff::index::jointLog] [info] ntHll estimated 8174170 distinct k-mers, setting filter size to 2^28
[2026-02-24 22:29:32.135] [puff::index::jointLog] [info] Starting the Pufferfish indexing by reading the GFA binary file.
[2026-02-24 22:29:32.136] [puff::index::jointLog] [info] Setting the index/BinaryGfa directory yeastindex
[2026-02-24 22:29:32.167] [puff::index::jointLog] [info] Done wrapping the rank vector with a rank9sel structure.
[2026-02-24 22:29:32.167] [puff::index::jointLog] [info] contig count for validation: 11134
[2026-02-24 22:29:32.179] [puff::index::jointLog] [info] Total # of Contigs : 11134
[2026-02-24 22:29:32.179] [puff::index::jointLog] [info] Total # of numerical Contigs : 11134
[2026-02-24 22:29:32.180] [puff::index::jointLog] [info] Total # of contig vec entries: 28124
[2026-02-24 22:29:32.180] [puff::index::jointLog] [info] bits per offset entry 15
[2026-02-24 22:29:32.180] [puff::index::jointLog] [info] Done constructing the contig vector. 11135
[2026-02-24 22:29:32.194] [puff::index::jointLog] [info] # segments = 11134
[2026-02-24 22:29:32.194] [puff::index::jointLog] [info] total length = 8539593
[2026-02-24 22:29:32.195] [puff::index::jointLog] [info] Reading the reference files ...
[2026-02-24 22:29:32.310] [puff::index::jointLog] [info] positional integer width = 24
[2026-02-24 22:29:32.311] [puff::index::jointLog] [info] seqSize = 8539593
[2026-02-24 22:29:32.311] [puff::index::jointLog] [info] rankSize = 8539593
[2026-02-24 22:29:32.311] [puff::index::jointLog] [info] edgeVecSize = 0
[2026-02-24 22:29:32.311] [puff::index::jointLog] [info] num keys = 8205573
[2026-02-24 22:29:33.227] [puff::index::jointLog] [info] mphf size = 5.12605 MB
[2026-02-24 22:29:33.242] [puff::index::jointLog] [info] chunk size = 4269797
[2026-02-24 22:29:33.242] [puff::index::jointLog] [info] chunk 0 = [0, 4269797)
[2026-02-24 22:29:33.242] [puff::index::jointLog] [info] chunk 1 = [4269797, 8539563)
[2026-02-24 22:29:33.918] [puff::index::jointLog] [info] finished populating pos vector
[2026-02-24 22:29:33.918] [puff::index::jointLog] [info] writing index components
[2026-02-24 22:29:34.078] [puff::index::jointLog] [info] finished writing dense pufferfish index
