[2026-02-24 22:32:32.402] [jointLog] [info] setting maxHashResizeThreads to 4
[2026-02-24 22:32:32.402] [jointLog] [info] Fragment incompatibility prior below threshold.  Incompatible fragments will be ignored.
[2026-02-24 22:32:32.402] [jointLog] [info] Usage of --validateMappings implies use of minScoreFraction. Since not explicitly specified, it is being set to 0.65
[2026-02-24 22:32:32.402] [jointLog] [info] Setting consensusSlack to selective-alignment default of 0.35.
[2026-02-24 22:32:32.402] [jointLog] [info] parsing read library format
[2026-02-24 22:32:32.402] [jointLog] [info] There is 1 library.
[2026-02-24 22:32:32.410] [jointLog] [info] Loading pufferfish index
[2026-02-24 22:32:32.412] [jointLog] [info] Loading dense pufferfish index.
[2026-02-24 22:32:32.625] [jointLog] [info] done
[2026-02-24 22:32:32.728] [jointLog] [info] Index contained 6092 targets
[2026-02-24 22:32:32.729] [jointLog] [info] Number of decoys : 0
[2026-02-24 22:32:32.911] [jointLog] [info] Automatically detected most likely library type as U

[2026-02-24 22:32:51.623] [jointLog] [info] Computed 7183 rich equivalence classes for further processing
[2026-02-24 22:32:51.623] [jointLog] [info] Counted 6459247 total reads in the equivalence classes 
[2026-02-24 22:32:51.626] [jointLog] [info] Number of mappings discarded because of alignment score : 185929
[2026-02-24 22:32:51.626] [jointLog] [info] Number of fragments entirely discarded because of alignment score : 61677
[2026-02-24 22:32:51.626] [jointLog] [info] Number of fragments discarded because they are best-mapped to decoys : 0
[2026-02-24 22:32:51.626] [jointLog] [info] Number of fragments discarded because they have only dovetail (discordant) mappings to valid targets : 0
[2026-02-24 22:32:51.626] [jointLog] [info] Mapping rate = 85.8023%

[2026-02-24 22:32:51.626] [jointLog] [info] finished quantifyLibrary()
[2026-02-24 22:32:51.629] [jointLog] [info] Starting optimizer
[2026-02-24 22:32:51.631] [jointLog] [info] Marked 0 weighted equivalence classes as degenerate
[2026-02-24 22:32:51.631] [jointLog] [info] iteration = 0 | max rel diff. = 5973.89
[2026-02-24 22:32:51.661] [jointLog] [info] iteration = 100 | max rel diff. = 0.193936
[2026-02-24 22:32:51.665] [jointLog] [info] iteration = 115 | max rel diff. = 0.00592494
[2026-02-24 22:32:51.665] [jointLog] [info] Finished optimizer
[2026-02-24 22:32:51.665] [jointLog] [info] writing output 

[2026-02-24 22:32:51.623] [fileLog] [info] 
At end of round 0
==================
Observed 7528054 total fragments (7528054 in most recent round)

