[2026-02-24 22:32:10.124] [jointLog] [info] setting maxHashResizeThreads to 4
[2026-02-24 22:32:10.124] [jointLog] [info] Fragment incompatibility prior below threshold.  Incompatible fragments will be ignored.
[2026-02-24 22:32:10.124] [jointLog] [info] Usage of --validateMappings implies use of minScoreFraction. Since not explicitly specified, it is being set to 0.65
[2026-02-24 22:32:10.124] [jointLog] [info] Setting consensusSlack to selective-alignment default of 0.35.
[2026-02-24 22:32:10.124] [jointLog] [info] parsing read library format
[2026-02-24 22:32:10.124] [jointLog] [info] There is 1 library.
[2026-02-24 22:32:10.132] [jointLog] [info] Loading pufferfish index
[2026-02-24 22:32:10.135] [jointLog] [info] Loading dense pufferfish index.
[2026-02-24 22:32:10.343] [jointLog] [info] done
[2026-02-24 22:32:10.437] [jointLog] [info] Index contained 6092 targets
[2026-02-24 22:32:10.438] [jointLog] [info] Number of decoys : 0
[2026-02-24 22:32:10.597] [jointLog] [info] Automatically detected most likely library type as U

[2026-02-24 22:32:30.930] [jointLog] [info] Computed 7221 rich equivalence classes for further processing
[2026-02-24 22:32:30.930] [jointLog] [info] Counted 5854919 total reads in the equivalence classes 
[2026-02-24 22:32:30.932] [jointLog] [info] Number of mappings discarded because of alignment score : 173665
[2026-02-24 22:32:30.932] [jointLog] [info] Number of fragments entirely discarded because of alignment score : 62666
[2026-02-24 22:32:30.932] [jointLog] [info] Number of fragments discarded because they are best-mapped to decoys : 0
[2026-02-24 22:32:30.932] [jointLog] [info] Number of fragments discarded because they have only dovetail (discordant) mappings to valid targets : 0
[2026-02-24 22:32:30.932] [jointLog] [info] Mapping rate = 84.8822%

[2026-02-24 22:32:30.932] [jointLog] [info] finished quantifyLibrary()
[2026-02-24 22:32:30.935] [jointLog] [info] Starting optimizer
[2026-02-24 22:32:30.937] [jointLog] [info] Marked 0 weighted equivalence classes as degenerate
[2026-02-24 22:32:30.937] [jointLog] [info] iteration = 0 | max rel diff. = 5853.67
[2026-02-24 22:32:30.961] [jointLog] [info] iteration = 100 | max rel diff. = 0.526858
[2026-02-24 22:32:30.967] [jointLog] [info] iteration = 126 | max rel diff. = 0.00660224
[2026-02-24 22:32:30.967] [jointLog] [info] Finished optimizer
[2026-02-24 22:32:30.967] [jointLog] [info] writing output 

[2026-02-24 22:32:30.930] [fileLog] [info] 
At end of round 0
==================
Observed 6897699 total fragments (6897699 in most recent round)

